<?xml version="1.0" encoding="UTF-8"?>
<!-- Generated by org.testng.reporters.JUnitReportReporter -->
<testsuite hostname="VR10" failures="0" tests="3" name="tests.ProductSearchTest" time="7.014" errors="0" timestamp="2024-09-23T21:15:40 GMT+01:00" skipped="0">
  <testcase classname="tests.ProductSearchTest" name="SearchProduct" time="2.612"/>
  <testcase classname="tests.ProductSearchTest" name="SortProduct" time="1.907"/>
  <testcase classname="tests.ProductSearchTest" name="ChooseProduct" time="2.495"/>
</testsuite> <!-- tests.ProductSearchTest -->
