<?xml version="1.0" encoding="UTF-8"?>
<!-- Generated by org.testng.reporters.JUnitReportReporter -->
<testsuite hostname="VR10" failures="0" tests="5" name="tests.LoginTest" time="34.631" errors="0" timestamp="2024-09-24T23:45:05 GMT+01:00" skipped="0">
  <testcase classname="tests.LoginTest" name="InvalidEmailLogin" time="4.810"/>
  <testcase classname="tests.LoginTest" name="InvalidPasswordLogin" time="18.367"/>
  <testcase classname="tests.LoginTest" name="EmptyCredentialsLogin" time="1.314"/>
  <testcase classname="tests.LoginTest" name="ValidCredentialsLogin" time="6.982"/>
  <testcase classname="tests.LoginTest" name="SignOut" time="3.158"/>
</testsuite> <!-- tests.LoginTest -->
