<?xml version="1.0" encoding="UTF-8"?>
<!-- Generated by org.testng.reporters.JUnitReportReporter -->
<testsuite hostname="VR10" failures="0" tests="5" name="tests.LoginTest" time="77.970" errors="0" timestamp="2024-10-07T18:47:15 GMT+01:00" skipped="0">
  <testcase classname="tests.LoginTest" name="InvalidPasswordLogin" time="34.290"/>
  <testcase classname="tests.LoginTest" name="InvalidEmailLogin" time="25.196"/>
  <testcase classname="tests.LoginTest" name="EmptyCredentialsLogin" time="5.399"/>
  <testcase classname="tests.LoginTest" name="ValidCredentialsLogin" time="9.647"/>
  <testcase classname="tests.LoginTest" name="SignOut" time="3.438"/>
</testsuite> <!-- tests.LoginTest -->
