<?xml version="1.0" encoding="UTF-8"?>
<!-- Generated by org.testng.reporters.JUnitReportReporter -->
<testsuite hostname="VR10" failures="0" tests="2" name="tests.RegistrationTest" time="19.858" errors="0" timestamp="2024-10-06T22:23:43 GMT+01:00" skipped="0">
  <testcase classname="tests.RegistrationTest" name="Registration" time="11.997"/>
  <testcase classname="tests.RegistrationTest" name="ChangePassword" time="7.861"/>
</testsuite> <!-- tests.RegistrationTest -->
