<?xml version="1.0" encoding="UTF-8"?>
<!-- Generated by org.testng.reporters.JUnitReportReporter -->
<testsuite hostname="VR10" failures="0" tests="5" name="tests.LoginTest" time="36.206" errors="0" timestamp="2024-09-24T22:52:26 GMT+01:00" skipped="0">
  <testcase classname="tests.LoginTest" name="InvalidEmailLogin" time="4.675"/>
  <testcase classname="tests.LoginTest" name="InvalidPasswordLogin" time="19.213"/>
  <testcase classname="tests.LoginTest" name="EmptyCredentialsLogin" time="1.455"/>
  <testcase classname="tests.LoginTest" name="ValidCredentialsLogin" time="6.925"/>
  <testcase classname="tests.LoginTest" name="SignOut" time="3.938"/>
</testsuite> <!-- tests.LoginTest -->
