<?xml version="1.0" encoding="UTF-8"?>
<!-- Generated by org.testng.reporters.JUnitReportReporter -->
<testsuite hostname="VR10" failures="0" tests="3" name="tests.ProductSearchTest" time="8.108" errors="0" timestamp="2024-09-22T22:33:31 GMT+01:00" skipped="0">
  <testcase classname="tests.ProductSearchTest" name="SearchProduct" time="3.359"/>
  <testcase classname="tests.ProductSearchTest" name="SortProduct" time="1.830"/>
  <testcase classname="tests.ProductSearchTest" name="ChooseProduct" time="2.919"/>
</testsuite> <!-- tests.ProductSearchTest -->
