<?xml version="1.0" encoding="UTF-8"?>
<!-- Generated by org.testng.reporters.JUnitReportReporter -->
<testsuite hostname="VR10" failures="0" tests="3" name="tests.ProductSearchTest" time="8.120" errors="0" timestamp="2024-09-24T22:52:26 GMT+01:00" skipped="0">
  <testcase classname="tests.ProductSearchTest" name="SearchProduct" time="2.767"/>
  <testcase classname="tests.ProductSearchTest" name="SortProduct" time="2.617"/>
  <testcase classname="tests.ProductSearchTest" name="ChooseProduct" time="2.736"/>
</testsuite> <!-- tests.ProductSearchTest -->
