<?xml version="1.0" encoding="UTF-8"?>
<!-- Generated by org.testng.reporters.JUnitReportReporter -->
<testsuite hostname="VR10" failures="0" tests="3" name="tests.ProductOrderTest" time="51.997" errors="0" timestamp="2024-10-06T22:23:43 GMT+01:00" skipped="0">
  <testcase classname="tests.ProductOrderTest" name="Login" time="20.965"/>
  <testcase classname="tests.ProductOrderTest" name="EditShipping" time="26.717"/>
  <testcase classname="tests.ProductOrderTest" name="FinishShipping" time="4.315"/>
</testsuite> <!-- tests.ProductOrderTest -->
