<?xml version="1.0" encoding="UTF-8"?>
<!-- Generated by org.testng.reporters.JUnitReportReporter -->
<testsuite hostname="VR10" failures="0" tests="3" name="tests.ProductSearchTest" time="8.428" errors="0" timestamp="2024-09-24T22:48:16 GMT+01:00" skipped="0">
  <testcase classname="tests.ProductSearchTest" name="SearchProduct" time="2.516"/>
  <testcase classname="tests.ProductSearchTest" name="SortProduct" time="2.229"/>
  <testcase classname="tests.ProductSearchTest" name="ChooseProduct" time="3.683"/>
</testsuite> <!-- tests.ProductSearchTest -->
