<?xml version="1.0" encoding="UTF-8"?>
<!-- Generated by org.testng.reporters.JUnitReportReporter -->
<testsuite hostname="VR10" failures="0" tests="3" name="tests.ProductOrderTest" time="50.747" errors="0" timestamp="2024-09-23T21:15:40 GMT+01:00" skipped="0">
  <testcase classname="tests.ProductOrderTest" name="Login" time="21.395"/>
  <testcase classname="tests.ProductOrderTest" name="EditShipping" time="17.538"/>
  <testcase classname="tests.ProductOrderTest" name="FinishShipping" time="11.814"/>
</testsuite> <!-- tests.ProductOrderTest -->
