<?xml version="1.0" encoding="UTF-8"?>
<!-- Generated by org.testng.reporters.JUnitReportReporter -->
<testsuite hostname="VR10" failures="0" tests="5" name="tests.LoginTest" time="40.162" errors="0" timestamp="2024-09-29T12:36:53 GMT+01:00" skipped="0">
  <testcase classname="tests.LoginTest" name="InvalidEmailLogin" time="6.610"/>
  <testcase classname="tests.LoginTest" name="InvalidPasswordLogin" time="20.655"/>
  <testcase classname="tests.LoginTest" name="EmptyCredentialsLogin" time="1.783"/>
  <testcase classname="tests.LoginTest" name="ValidCredentialsLogin" time="8.228"/>
  <testcase classname="tests.LoginTest" name="SignOut" time="2.886"/>
</testsuite> <!-- tests.LoginTest -->
