<?xml version="1.0" encoding="UTF-8"?>
<!-- Generated by org.testng.reporters.JUnitReportReporter -->
<testsuite hostname="VR10" failures="0" tests="3" name="tests.RegistrationTest" time="25.756" errors="0" timestamp="2024-10-07T18:47:15 GMT+01:00" skipped="0">
  <testcase classname="tests.RegistrationTest" name="Registration" time="13.963"/>
  <testcase classname="tests.RegistrationTest" name="ChangePassword" time="2.703"/>
  <testcase classname="tests.RegistrationTest" name="changePasswordFields" time="9.090"/>
</testsuite> <!-- tests.RegistrationTest -->
