<?xml version="1.0" encoding="UTF-8"?>
<!-- Generated by org.testng.reporters.JUnitReportReporter -->
<testsuite hostname="VR10" failures="0" tests="1" name="tests.AddProductToCartTest" time="2.174" errors="0" timestamp="2024-09-24T22:48:16 GMT+01:00" skipped="0">
  <testcase classname="tests.AddProductToCartTest" name="AddToCartProduct" time="2.174"/>
</testsuite> <!-- tests.AddProductToCartTest -->
