<?xml version="1.0" encoding="UTF-8"?>
<!-- Generated by org.testng.reporters.JUnitReportReporter -->
<testsuite hostname="VR10" failures="0" tests="3" name="tests.ProductSearchTest" time="14.163" errors="0" timestamp="2024-10-02T13:10:58 GMT+01:00" skipped="0">
  <testcase classname="tests.ProductSearchTest" name="SearchProduct" time="3.006"/>
  <testcase classname="tests.ProductSearchTest" name="SortProduct" time="3.587"/>
  <testcase classname="tests.ProductSearchTest" name="ChooseProduct" time="7.570"/>
</testsuite> <!-- tests.ProductSearchTest -->
