<?xml version="1.0" encoding="UTF-8"?>
<!-- Generated by org.testng.reporters.JUnitReportReporter -->
<testsuite hostname="VR10" failures="0" tests="3" name="tests.ProductSearchTest" time="7.471" errors="0" timestamp="2024-09-24T23:45:05 GMT+01:00" skipped="0">
  <testcase classname="tests.ProductSearchTest" name="SearchProduct" time="3.312"/>
  <testcase classname="tests.ProductSearchTest" name="SortProduct" time="1.801"/>
  <testcase classname="tests.ProductSearchTest" name="ChooseProduct" time="2.358"/>
</testsuite> <!-- tests.ProductSearchTest -->
