<?xml version="1.0" encoding="UTF-8"?>
<!-- Generated by org.testng.reporters.JUnitReportReporter -->
<testsuite hostname="VR10" failures="0" tests="1" name="tests.AddProductToCartTest" time="3.826" errors="0" timestamp="2024-09-23T21:15:40 GMT+01:00" skipped="0">
  <testcase classname="tests.AddProductToCartTest" name="AddToCartProduct" time="3.826"/>
</testsuite> <!-- tests.AddProductToCartTest -->
