<?xml version="1.0" encoding="UTF-8"?>
<!-- Generated by org.testng.reporters.JUnitReportReporter -->
<testsuite hostname="VR10" failures="0" tests="5" name="tests.LoginTest" time="19.424" errors="0" timestamp="2024-09-24T21:19:23 GMT+01:00" skipped="0">
  <testcase classname="tests.LoginTest" name="InvalidEmailLogin" time="1.597"/>
  <testcase classname="tests.LoginTest" name="InvalidPasswordLogin" time="5.856"/>
  <testcase classname="tests.LoginTest" name="EmptyCredentialsLogin" time="1.360"/>
  <testcase classname="tests.LoginTest" name="ValidCredentialsLogin" time="6.641"/>
  <testcase classname="tests.LoginTest" name="SignOut" time="3.970"/>
</testsuite> <!-- tests.LoginTest -->
