<?xml version="1.0" encoding="UTF-8"?>
<!-- Generated by org.testng.reporters.JUnitReportReporter -->
<testsuite hostname="VR10" failures="0" tests="2" name="tests.RegistrationTest" time="15.028" errors="0" timestamp="2024-10-11T22:41:44 GMT+01:00" skipped="0">
  <testcase classname="tests.RegistrationTest" name="Registration" time="8.109"/>
  <testcase classname="tests.RegistrationTest" name="ChangePassword" time="6.919"/>
</testsuite> <!-- tests.RegistrationTest -->
