<?xml version="1.0" encoding="UTF-8"?>
<!-- Generated by org.testng.reporters.JUnitReportReporter -->
<testsuite hostname="VR10" failures="0" tests="2" name="tests.RegistrationTest" time="9.573" errors="0" timestamp="2024-09-24T23:45:05 GMT+01:00" skipped="0">
  <testcase classname="tests.RegistrationTest" name="Registration" time="5.044"/>
  <testcase classname="tests.RegistrationTest" name="ChangePassword" time="4.529"/>
</testsuite> <!-- tests.RegistrationTest -->
