<?xml version="1.0" encoding="UTF-8"?>
<!-- Generated by org.testng.reporters.JUnitReportReporter -->
<testsuite hostname="VR10" failures="0" tests="5" name="tests.LoginTest" time="27.052" errors="0" timestamp="2024-09-22T22:33:31 GMT+01:00" skipped="0">
  <testcase classname="tests.LoginTest" name="InvalidEmailLogin" time="3.995"/>
  <testcase classname="tests.LoginTest" name="InvalidPasswordLogin" time="7.297"/>
  <testcase classname="tests.LoginTest" name="EmptyCredentialsLogin" time="1.726"/>
  <testcase classname="tests.LoginTest" name="ValidCredentialsLogin" time="7.411"/>
  <testcase classname="tests.LoginTest" name="SignOut" time="6.623"/>
</testsuite> <!-- tests.LoginTest -->
