<?xml version="1.0" encoding="UTF-8"?>
<!-- Generated by org.testng.reporters.JUnitReportReporter -->
<testsuite hostname="VR10" failures="0" tests="3" name="tests.RegistrationTest" time="25.666" errors="0" timestamp="2024-10-07T19:28:30 GMT+01:00" skipped="0">
  <testcase classname="tests.RegistrationTest" name="Registration" time="15.686"/>
  <testcase classname="tests.RegistrationTest" name="ChangePassword" time="1.354"/>
  <testcase classname="tests.RegistrationTest" name="changePasswordFields" time="8.626"/>
</testsuite> <!-- tests.RegistrationTest -->
