<?xml version="1.0" encoding="UTF-8"?>
<!-- Generated by org.testng.reporters.JUnitReportReporter -->
<testsuite hostname="VR10" failures="0" tests="1" name="tests.AddProductToCartTest" time="3.873" errors="0" timestamp="2024-10-06T22:23:43 GMT+01:00" skipped="0">
  <testcase classname="tests.AddProductToCartTest" name="AddToCartProduct" time="3.873"/>
</testsuite> <!-- tests.AddProductToCartTest -->
