<?xml version="1.0" encoding="UTF-8"?>
<!-- Generated by org.testng.reporters.JUnitReportReporter -->
<testsuite hostname="VR10" failures="0" tests="5" name="tests.LoginTest" time="128.879" errors="0" timestamp="2024-09-22T17:56:42 GMT+01:00" skipped="0">
  <testcase classname="tests.LoginTest" name="InvalidEmailLogin" time="2.163"/>
  <testcase classname="tests.LoginTest" name="InvalidPasswordLogin" time="106.535"/>
  <testcase classname="tests.LoginTest" name="EmptyCredentialsLogin" time="2.466"/>
  <testcase classname="tests.LoginTest" name="ValidCredentialsLogin" time="10.388"/>
  <testcase classname="tests.LoginTest" name="SignOut" time="7.327"/>
</testsuite> <!-- tests.LoginTest -->
