<?xml version="1.0" encoding="UTF-8"?>
<!-- Generated by org.testng.reporters.JUnitReportReporter -->
<testsuite hostname="VR10" failures="0" tests="3" name="tests.ProductSearchTest" time="14.787" errors="0" timestamp="2024-10-07T18:47:15 GMT+01:00" skipped="0">
  <testcase classname="tests.ProductSearchTest" name="SearchProduct" time="6.582"/>
  <testcase classname="tests.ProductSearchTest" name="SortProduct" time="2.972"/>
  <testcase classname="tests.ProductSearchTest" name="ChooseProduct" time="5.233"/>
</testsuite> <!-- tests.ProductSearchTest -->
