<?xml version="1.0" encoding="UTF-8"?>
<!-- Generated by org.testng.reporters.JUnitReportReporter -->
<testsuite hostname="VR10" failures="0" tests="5" name="tests.LoginTest" time="19.716" errors="0" timestamp="2024-09-23T20:17:41 GMT+01:00" skipped="0">
  <testcase classname="tests.LoginTest" name="InvalidEmailLogin" time="1.772"/>
  <testcase classname="tests.LoginTest" name="InvalidPasswordLogin" time="6.047"/>
  <testcase classname="tests.LoginTest" name="EmptyCredentialsLogin" time="1.838"/>
  <testcase classname="tests.LoginTest" name="ValidCredentialsLogin" time="6.665"/>
  <testcase classname="tests.LoginTest" name="SignOut" time="3.394"/>
</testsuite> <!-- tests.LoginTest -->
