<?xml version="1.0" encoding="UTF-8"?>
<!-- Generated by org.testng.reporters.JUnitReportReporter -->
<testsuite hostname="VR10" failures="0" tests="3" name="tests.ProductSearchTest" time="15.332" errors="0" timestamp="2024-10-07T19:28:30 GMT+01:00" skipped="0">
  <testcase classname="tests.ProductSearchTest" name="SearchProduct" time="7.648"/>
  <testcase classname="tests.ProductSearchTest" name="SortProduct" time="3.307"/>
  <testcase classname="tests.ProductSearchTest" name="ChooseProduct" time="4.377"/>
</testsuite> <!-- tests.ProductSearchTest -->
