<?xml version="1.0" encoding="UTF-8"?>
<!-- Generated by org.testng.reporters.JUnitReportReporter -->
<testsuite hostname="VR10" failures="0" tests="3" name="tests.ProductOrderTest" time="51.224" errors="0" timestamp="2024-09-24T22:52:26 GMT+01:00" skipped="0">
  <testcase classname="tests.ProductOrderTest" name="Login" time="21.965"/>
  <testcase classname="tests.ProductOrderTest" name="EditShipping" time="17.439"/>
  <testcase classname="tests.ProductOrderTest" name="FinishShipping" time="11.820"/>
</testsuite> <!-- tests.ProductOrderTest -->
