<?xml version="1.0" encoding="UTF-8"?>
<!-- Generated by org.testng.reporters.JUnitReportReporter -->
<testsuite hostname="VR10" failures="0" tests="5" name="tests.LoginTest" time="123.006" errors="0" timestamp="2024-10-06T22:23:43 GMT+01:00" skipped="0">
  <testcase classname="tests.LoginTest" name="InvalidEmailLogin" time="20.799"/>
  <testcase classname="tests.LoginTest" name="InvalidPasswordLogin" time="43.612"/>
  <testcase classname="tests.LoginTest" name="EmptyCredentialsLogin" time="2.846"/>
  <testcase classname="tests.LoginTest" name="ValidCredentialsLogin" time="52.556"/>
  <testcase classname="tests.LoginTest" name="SignOut" time="3.193"/>
</testsuite> <!-- tests.LoginTest -->
