<?xml version="1.0" encoding="UTF-8"?>
<!-- Generated by org.testng.reporters.JUnitReportReporter -->
<testsuite hostname="VR10" failures="0" tests="3" name="tests.ProductSearchTest" time="13.489" errors="0" timestamp="2024-10-06T22:23:43 GMT+01:00" skipped="0">
  <testcase classname="tests.ProductSearchTest" name="SearchProduct" time="5.762"/>
  <testcase classname="tests.ProductSearchTest" name="SortProduct" time="3.137"/>
  <testcase classname="tests.ProductSearchTest" name="ChooseProduct" time="4.590"/>
</testsuite> <!-- tests.ProductSearchTest -->
