<?xml version="1.0" encoding="UTF-8"?>
<!-- Generated by org.testng.reporters.JUnitReportReporter -->
<testsuite hostname="VR10" failures="0" tests="3" name="tests.ProductOrderTest" time="52.007" errors="0" timestamp="2024-10-07T18:47:15 GMT+01:00" skipped="0">
  <testcase classname="tests.ProductOrderTest" name="Login" time="20.807"/>
  <testcase classname="tests.ProductOrderTest" name="EditShipping" time="27.089"/>
  <testcase classname="tests.ProductOrderTest" name="FinishShipping" time="4.111"/>
</testsuite> <!-- tests.ProductOrderTest -->
