<?xml version="1.0" encoding="UTF-8"?>
<!-- Generated by org.testng.reporters.JUnitReportReporter -->
<testsuite hostname="VR10" failures="0" tests="5" name="tests.LoginTest" time="78.798" errors="0" timestamp="2024-10-07T19:28:30 GMT+01:00" skipped="0">
  <testcase classname="tests.LoginTest" name="InvalidPasswordLogin" time="35.896"/>
  <testcase classname="tests.LoginTest" name="InvalidEmailLogin" time="24.177"/>
  <testcase classname="tests.LoginTest" name="EmptyCredentialsLogin" time="5.331"/>
  <testcase classname="tests.LoginTest" name="ValidCredentialsLogin" time="10.643"/>
  <testcase classname="tests.LoginTest" name="SignOut" time="2.751"/>
</testsuite> <!-- tests.LoginTest -->
