<?xml version="1.0" encoding="UTF-8"?>
<!-- Generated by org.testng.reporters.JUnitReportReporter -->
<testsuite hostname="VR10" failures="0" tests="2" name="tests.RegistrationTest" time="13.860" errors="0" timestamp="2024-09-22T22:33:31 GMT+01:00" skipped="0">
  <testcase classname="tests.RegistrationTest" name="Registration" time="7.154"/>
  <testcase classname="tests.RegistrationTest" name="ChangePassword" time="6.706"/>
</testsuite> <!-- tests.RegistrationTest -->
