<?xml version="1.0" encoding="UTF-8"?>
<!-- Generated by org.testng.reporters.JUnitReportReporter -->
<testsuite hostname="VR10" failures="0" tests="2" name="tests.RegistrationTest" time="21.987" errors="0" timestamp="2024-09-22T17:56:42 GMT+01:00" skipped="0">
  <testcase classname="tests.RegistrationTest" name="Registration" time="13.329"/>
  <testcase classname="tests.RegistrationTest" name="ChangePassword" time="8.658"/>
</testsuite> <!-- tests.RegistrationTest -->
