<?xml version="1.0" encoding="UTF-8"?>
<!-- Generated by org.testng.reporters.JUnitReportReporter -->
<testsuite hostname="VR10" failures="0" tests="1" name="tests.RegistrationTest" time="5.123" errors="0" timestamp="2024-10-01T20:23:59 GMT+01:00" skipped="0">
  <testcase classname="tests.RegistrationTest" name="Registration" time="5.123"/>
</testsuite> <!-- tests.RegistrationTest -->
