<?xml version="1.0" encoding="UTF-8"?>
<!-- Generated by org.testng.reporters.JUnitReportReporter -->
<testsuite hostname="VR10" failures="0" tests="3" name="tests.ProductSearchTest" time="14.166" errors="0" timestamp="2024-09-24T21:19:23 GMT+01:00" skipped="0">
  <testcase classname="tests.ProductSearchTest" name="SearchProduct" time="5.841"/>
  <testcase classname="tests.ProductSearchTest" name="SortProduct" time="2.764"/>
  <testcase classname="tests.ProductSearchTest" name="ChooseProduct" time="5.561"/>
</testsuite> <!-- tests.ProductSearchTest -->
