<?xml version="1.0" encoding="UTF-8"?>
<!-- Generated by org.testng.reporters.JUnitReportReporter -->
<testsuite hostname="VR10" failures="0" tests="2" name="tests.RegistrationTest" time="11.709" errors="0" timestamp="2024-09-24T21:19:23 GMT+01:00" skipped="0">
  <testcase classname="tests.RegistrationTest" name="Registration" time="6.930"/>
  <testcase classname="tests.RegistrationTest" name="ChangePassword" time="4.779"/>
</testsuite> <!-- tests.RegistrationTest -->
