<?xml version="1.0" encoding="UTF-8"?>
<!-- Generated by org.testng.reporters.JUnitReportReporter -->
<testsuite hostname="VR10" failures="0" tests="2" name="tests.RegistrationTest" time="18.597" errors="0" timestamp="2024-09-22T17:21:42 GMT+01:00" skipped="0">
  <testcase classname="tests.RegistrationTest" name="Registration" time="9.083"/>
  <testcase classname="tests.RegistrationTest" name="ChangePassword" time="9.514"/>
</testsuite> <!-- tests.RegistrationTest -->
