<?xml version="1.0" encoding="UTF-8"?>
<!-- Generated by org.testng.reporters.JUnitReportReporter -->
<testsuite hostname="VR10" failures="0" tests="2" name="tests.RegistrationTest" time="13.930" errors="0" timestamp="2024-09-24T22:52:26 GMT+01:00" skipped="0">
  <testcase classname="tests.RegistrationTest" name="Registration" time="8.346"/>
  <testcase classname="tests.RegistrationTest" name="ChangePassword" time="5.584"/>
</testsuite> <!-- tests.RegistrationTest -->
