<?xml version="1.0" encoding="UTF-8"?>
<!-- Generated by org.testng.reporters.JUnitReportReporter -->
<testsuite hostname="VR10" failures="0" tests="5" name="tests.LoginTest" time="31.279" errors="0" timestamp="2024-10-11T22:45:00 GMT+01:00" skipped="0">
  <testcase classname="tests.LoginTest" name="InvalidEmailLogin" time="7.871"/>
  <testcase classname="tests.LoginTest" name="InvalidPasswordLogin" time="13.396"/>
  <testcase classname="tests.LoginTest" name="EmptyCredentialsLogin" time="2.913"/>
  <testcase classname="tests.LoginTest" name="ValidCredentialsLogin" time="5.159"/>
  <testcase classname="tests.LoginTest" name="SignOut" time="1.940"/>
</testsuite> <!-- tests.LoginTest -->
